<?xml version="1.0" encoding="UTF-8"?>
<!-- Generated by org.testng.reporters.JUnitReportReporter -->
<testsuite hostname="DESKTOP-H2SSL4R" failures="0" tests="3" name="Runner.TestRunner" time="25.488" errors="0" timestamp="2025-04-02T17:44:13 CDT" skipped="0">
  <testcase classname="Runner.TestRunner" name="runScenario" time="6.298"/>
  <system-out/>
  <testcase classname="Runner.TestRunner" name="runScenario" time="10.219"/>
  <system-out/>
  <testcase classname="Runner.TestRunner" name="runScenario" time="8.971"/>
  <system-out/>
</testsuite> <!-- Runner.TestRunner -->
